<?xml version="1.0" encoding="UTF-8"?>
<robot generator="Robot 7.3.2 (Python 3.13.7 on win32)" generated="2025-09-22T14:06:35.227639" rpa="false" schemaversion="5">
<suite id="s1" name="Login" source="C:\Users\marce\OneDrive\Documentos\PROJETOS\pb-compass\Sprint_07\QAx\projects\mark85-robot-express\tests\login.robot">
<test id="s1-t1" name="CT006 Deve poder logar com um usário pré-cadastrado" line="12">
<kw name="Start Session" owner="base" type="SETUP">
<kw name="New Browser" owner="Browser">
<msg time="2025-09-22T14:06:39.969998" level="INFO">{"browser": "chromium", "headless": false, "chromiumSandbox": false, "devtools": false, "handleSIGHUP": true, "handleSIGINT": true, "handleSIGTERM": true, "slowMo": 0.0, "timeout": 30000.0, "tracesDir": "C:\\Users\\marce\\OneDrive\\Documentos\\PROJETOS\\pb-compass\\Sprint_07\\QAx\\projects\\mark85-robot-express\\logs\\browser\\traces\\temp\\e5187559-2ab1-44e8-b618-5a7b1decc4a4"}</msg>
<msg time="2025-09-22T14:06:39.999645" level="INFO">Starting Browser process C:\Users\marce\AppData\Local\Programs\Python\Python313\Lib\site-packages\Browser\wrapper\index.js using at 127.0.0.1:23986</msg>
<msg time="2025-09-22T14:06:41.351246" level="INFO">Successfully created browser with options: {"browser":"chromium","headless":false,"chromiumSandbox":false,"devtools":false,"handleSIGHUP":true,"handleSIGINT":true,"handleSIGTERM":true,"slowMo":0,"timeout":30000,"tracesDir":"C:\\Users\\marce\\OneDrive\\Documentos\\PROJETOS\\pb-compass\\Sprint_07\\QAx\\projects\\mark85-robot-express\\logs\\browser\\traces\\temp\\e5187559-2ab1-44e8-b618-5a7b1decc4a4"}</msg>
<arg>browser=chromium</arg>
<arg>headless=False</arg>
<tag>BrowserControl</tag>
<tag>Setter</tag>
<doc>Create a new playwright Browser with specified options.</doc>
<status status="PASS" start="2025-09-22T14:06:39.969014" elapsed="1.382617"/>
</kw>
<kw name="New Page" owner="Browser">
<msg time="2025-09-22T14:06:42.571065" level="INFO">Successfully initialized new page object and opened url: http://localhost:3000</msg>
<msg time="2025-09-22T14:06:42.571166" level="INFO">No context was open. New context was automatically opened when this page is created.</msg>
<arg>${BASE_URL}</arg>
<tag>BrowserControl</tag>
<tag>Setter</tag>
<doc>Open a new Page.</doc>
<status status="PASS" start="2025-09-22T14:06:41.352022" elapsed="1.219352"/>
</kw>
<status status="PASS" start="2025-09-22T14:06:39.968041" elapsed="2.603482"/>
</kw>
<kw name="Create Dictionary" owner="BuiltIn">
<msg time="2025-09-22T14:06:42.572630" level="INFO">${user} = {'name': 'TestCT001', 'email': 'ct001@mail.com', 'password': 'pwd123'}</msg>
<var>${user}</var>
<arg>name=TestCT001</arg>
<arg>email=ct001@mail.com</arg>
<arg>password=pwd123</arg>
<doc>Creates and returns a dictionary based on the given ``items``.</doc>
<status status="PASS" start="2025-09-22T14:06:42.571952" elapsed="0.000720"/>
</kw>
<kw name="Submit login form CT006" owner="LoginPage">
<kw name="Fill Text" owner="Browser">
<msg time="2025-09-22T14:06:42.574252" level="INFO">Fills the text 'ct001@mail.com' in the given field.</msg>
<arg>css=input[placeholder$=mail]</arg>
<arg>${user}[email]</arg>
<tag>PageContent</tag>
<tag>Setter</tag>
<doc>Clears and fills the given ``txt`` into the text field found by ``selector``.</doc>
<status status="PASS" start="2025-09-22T14:06:42.573675" elapsed="0.052458"/>
</kw>
<kw name="Fill Text" owner="Browser">
<msg time="2025-09-22T14:06:42.626986" level="INFO">Fills the text 'pwd123' in the given field.</msg>
<arg>css=input[placeholder=Senha]</arg>
<arg>${user}[password]</arg>
<tag>PageContent</tag>
<tag>Setter</tag>
<doc>Clears and fills the given ``txt`` into the text field found by ``selector``.</doc>
<status status="PASS" start="2025-09-22T14:06:42.626357" elapsed="0.021389"/>
</kw>
<kw name="Click" owner="Browser">
<msg time="2025-09-22T14:06:42.648635" level="INFO">Clicks the element 'css=button &gt;&gt; text=Entrar'.</msg>
<arg>css=button &gt;&gt; text=Entrar</arg>
<tag>PageContent</tag>
<tag>Setter</tag>
<doc>Simulates mouse click on the element found by ``selector``.</doc>
<status status="PASS" start="2025-09-22T14:06:42.648061" elapsed="0.067223"/>
</kw>
<arg>${user}</arg>
<status status="PASS" start="2025-09-22T14:06:42.573095" elapsed="0.142384"/>
</kw>
<kw name="User should be logger in" owner="LoginPage">
<kw name="Split String" owner="String">
<msg time="2025-09-22T14:06:42.717014" level="INFO">@{splite_name} = [ TestCT001 ]</msg>
<var>@{splite_name}</var>
<arg>${name}</arg>
<doc>Splits the ``string`` using ``separator`` as a delimiter string.</doc>
<status status="PASS" start="2025-09-22T14:06:42.716654" elapsed="0.000393"/>
</kw>
<kw name="Log To Console" owner="BuiltIn">
<arg>@{splite_name}</arg>
<doc>Logs the given message to the console.</doc>
<status status="PASS" start="2025-09-22T14:06:42.717189" elapsed="0.000559"/>
</kw>
<kw name="Set Variable" owner="BuiltIn">
<msg time="2025-09-22T14:06:42.718567" level="INFO">${element} = css=header .right small</msg>
<var>${element}</var>
<arg>css=header .right small</arg>
<doc>Returns the given values which can then be assigned to a variables.</doc>
<status status="PASS" start="2025-09-22T14:06:42.718066" elapsed="0.000534"/>
</kw>
<kw name="Wait For Elements State" owner="Browser">
<msg time="2025-09-22T14:06:42.839252" level="INFO">Waited for Element with selector css=header .right small at state visible</msg>
<arg>${element}</arg>
<arg>visible</arg>
<arg>5</arg>
<tag>PageContent</tag>
<tag>Wait</tag>
<doc>Waits for the element found by ``selector`` to satisfy state option.</doc>
<status status="PASS" start="2025-09-22T14:06:42.718757" elapsed="0.120797"/>
</kw>
<kw name="Get Text" owner="Browser">
<msg time="2025-09-22T14:06:42.875172" level="INFO">Text: 'Olá, TestCT001'</msg>
<arg>${element}</arg>
<arg>equal</arg>
<arg>Olá, ${splite_name}[0]</arg>
<tag>Assertion</tag>
<tag>Getter</tag>
<tag>PageContent</tag>
<doc>Returns text attribute of the element found by ``selector``.</doc>
<status status="PASS" start="2025-09-22T14:06:42.839791" elapsed="0.035486"/>
</kw>
<arg>${user}[name]</arg>
<status status="PASS" start="2025-09-22T14:06:42.716018" elapsed="0.159373"/>
</kw>
<kw name="Take Screenshot" owner="Browser" type="TEARDOWN">
<msg time="2025-09-22T14:06:43.091229" level="INFO" html="true">&lt;/td&gt;&lt;/tr&gt;&lt;tr&gt;&lt;td colspan="3"&gt;&lt;a href="browser/screenshot/robotframework-browser-screenshot-1.png" target="_blank"&gt;&lt;img src="browser/screenshot/robotframework-browser-screenshot-1.png" width="800px"/&gt;&lt;/a&gt;</msg>
<tag>PageContent</tag>
<doc>Takes a screenshot of the current window or element and saves it to disk.</doc>
<status status="PASS" start="2025-09-22T14:06:42.876064" elapsed="0.215493"/>
</kw>
<msg time="2025-09-22T14:06:43.114574" level="INFO">Switching context to context=bc42a55a-0f53-4633-a587-f20cc780bd91 in CURRENT</msg>
<msg time="2025-09-22T14:06:43.124563" level="INFO">Successfully changed active context: context=bc42a55a-0f53-4633-a587-f20cc780bd91</msg>
<msg time="2025-09-22T14:06:43.172253" level="INFO">Successfully closed Context</msg>
<tag>CT006</tag>
<status status="PASS" start="2025-09-22T14:06:39.966006" elapsed="3.125958"/>
</test>
<doc>Cenários de Autenticação do usuário</doc>
<status status="PASS" start="2025-09-22T14:06:35.229071" elapsed="7.944714"/>
</suite>
<statistics>
<total>
<stat pass="1" fail="0" skip="0">All Tests</stat>
</total>
<tag>
<stat pass="1" fail="0" skip="0">CT006</stat>
</tag>
<suite>
<stat name="Login" id="s1" pass="1" fail="0" skip="0">Login</stat>
</suite>
</statistics>
<errors>
</errors>
</robot>
